Library/Bee/Android/Prj/Mono2x/Gradle/launcher/build/intermediates/manifest_merge_blame_file/debug/manifest-merger-blame-debug-report.txt
1<?xml version="1.0" encoding="utf-8"?>
2<manifest xmlns:android="http://schemas.android.com/apk/res/android"
3    package="com.DefaultCompany.AngryBirdsAR"
4    android:installLocation="preferExternal"
5    android:versionCode="1"
6    android:versionName="1.0" >
7
8    <uses-sdk
9        android:minSdkVersion="26"
9-->src\main\AndroidManifest.xml
10        android:targetSdkVersion="30" />
10-->src\main\AndroidManifest.xml
11
12    <supports-screens
12-->src\main\AndroidManifest.xml:3:3-163
13        android:anyDensity="true"
13-->src\main\AndroidManifest.xml:3:135-160
14        android:largeScreens="true"
14-->src\main\AndroidManifest.xml:3:78-105
15        android:normalScreens="true"
15-->src\main\AndroidManifest.xml:3:49-77
16        android:smallScreens="true"
16-->src\main\AndroidManifest.xml:3:21-48
17        android:xlargeScreens="true" />
17-->src\main\AndroidManifest.xml:3:106-134
18
19    <uses-feature android:glEsVersion="0x00030000" />
19-->[:unityLibrary] AndroidManifest.xml:12:5-54
19-->[:unityLibrary] AndroidManifest.xml:12:19-51
20    <uses-feature
20-->[:unityLibrary] AndroidManifest.xml:13:5-15:36
21        android:name="android.hardware.vulkan.version"
21-->[:unityLibrary] AndroidManifest.xml:14:9-55
22        android:required="false" />
22-->[:unityLibrary] AndroidManifest.xml:15:9-33
23
24    <uses-permission android:name="android.permission.INTERNET" />
24-->[:unityLibrary] AndroidManifest.xml:17:5-67
24-->[:unityLibrary] AndroidManifest.xml:17:22-64
25    <uses-permission android:name="android.permission.CAMERA" />
25-->[:unityLibrary] AndroidManifest.xml:18:5-65
25-->[:unityLibrary] AndroidManifest.xml:18:22-62
26
27    <uses-feature
27-->[:unityLibrary] AndroidManifest.xml:20:5-22:36
28        android:name="android.hardware.camera"
28-->[:unityLibrary] AndroidManifest.xml:21:9-47
29        android:required="true" />
29-->[:unityLibrary] AndroidManifest.xml:22:9-33
30    <uses-feature
30-->[:unityLibrary] AndroidManifest.xml:23:5-25:36
31        android:name="android.hardware.camera.autofocus"
31-->[:unityLibrary] AndroidManifest.xml:24:9-57
32        android:required="false" />
32-->[:unityLibrary] AndroidManifest.xml:25:9-33
33    <uses-feature
33-->[:unityLibrary] AndroidManifest.xml:26:5-28:36
34        android:name="android.hardware.camera.front"
34-->[:unityLibrary] AndroidManifest.xml:27:9-53
35        android:required="false" />
35-->[:unityLibrary] AndroidManifest.xml:28:9-33
36    <uses-feature
36-->[:unityLibrary] AndroidManifest.xml:29:5-31:36
37        android:name="android.hardware.touchscreen"
37-->[:unityLibrary] AndroidManifest.xml:30:9-52
38        android:required="false" />
38-->[:unityLibrary] AndroidManifest.xml:31:9-33
39    <uses-feature
39-->[:unityLibrary] AndroidManifest.xml:32:5-34:36
40        android:name="android.hardware.touchscreen.multitouch"
40-->[:unityLibrary] AndroidManifest.xml:33:9-63
41        android:required="false" />
41-->[:unityLibrary] AndroidManifest.xml:34:9-33
42    <uses-feature
42-->[:unityLibrary] AndroidManifest.xml:35:5-37:36
43        android:name="android.hardware.touchscreen.multitouch.distinct"
43-->[:unityLibrary] AndroidManifest.xml:36:9-72
44        android:required="false" />
44-->[:unityLibrary] AndroidManifest.xml:37:9-33
45    <!--
46        Required by Vuforia: Add this permission to access IMU sensors at high rate
47        for device tracker functionality on Android 12+.
48    -->
49    <uses-permission android:name="android.permission.HIGH_SAMPLING_RATE_SENSORS" /> <!-- Required by Vuforia: Add this permission to allow checking of network. -->
49-->[:VuforiaEngine:] AndroidManifest.xml:16:5-85
49-->[:VuforiaEngine:] AndroidManifest.xml:16:22-82
50    <uses-permission android:name="android.permission.ACCESS_NETWORK_STATE" />
50-->[:VuforiaEngine:] AndroidManifest.xml:19:5-79
50-->[:VuforiaEngine:] AndroidManifest.xml:19:22-76
51
52    <application
52-->src\main\AndroidManifest.xml:4:3-83
53        android:debuggable="true"
54        android:extractNativeLibs="true"
54-->[:unityLibrary] AndroidManifest.xml:39:18-50
55        android:icon="@mipmap/app_icon"
55-->src\main\AndroidManifest.xml:4:49-80
56        android:label="@string/app_name" >
56-->src\main\AndroidManifest.xml:4:16-48
57        <activity
57-->[:unityLibrary] AndroidManifest.xml:40:9-60:20
58            android:name="com.unity3d.player.UnityPlayerActivity"
58-->[:unityLibrary] AndroidManifest.xml:41:13-66
59            android:configChanges="mcc|mnc|locale|touchscreen|keyboard|keyboardHidden|navigation|orientation|screenLayout|uiMode|screenSize|smallestScreenSize|fontScale|layoutDirection|density"
59-->[:unityLibrary] AndroidManifest.xml:42:13-194
60            android:hardwareAccelerated="false"
60-->[:unityLibrary] AndroidManifest.xml:43:13-48
61            android:launchMode="singleTask"
61-->[:unityLibrary] AndroidManifest.xml:44:13-44
62            android:resizeableActivity="false"
62-->[:unityLibrary] AndroidManifest.xml:45:13-47
63            android:screenOrientation="reverseLandscape"
63-->[:unityLibrary] AndroidManifest.xml:46:13-57
64            android:theme="@style/UnityThemeSelector" >
64-->[:unityLibrary] AndroidManifest.xml:47:13-54
65            <intent-filter>
65-->[:unityLibrary] AndroidManifest.xml:48:13-52:29
66                <action android:name="android.intent.action.MAIN" />
66-->[:unityLibrary] AndroidManifest.xml:49:17-69
66-->[:unityLibrary] AndroidManifest.xml:49:25-66
67
68                <category android:name="android.intent.category.LAUNCHER" />
68-->[:unityLibrary] AndroidManifest.xml:51:17-77
68-->[:unityLibrary] AndroidManifest.xml:51:27-74
69            </intent-filter>
70
71            <meta-data
71-->[:unityLibrary] AndroidManifest.xml:54:13-56:40
72                android:name="unityplayer.UnityActivity"
72-->[:unityLibrary] AndroidManifest.xml:55:17-57
73                android:value="true" />
73-->[:unityLibrary] AndroidManifest.xml:56:17-37
74            <meta-data
74-->[:unityLibrary] AndroidManifest.xml:57:13-59:40
75                android:name="android.notch_support"
75-->[:unityLibrary] AndroidManifest.xml:58:17-53
76                android:value="true" />
76-->[:unityLibrary] AndroidManifest.xml:59:17-37
77        </activity>
78
79        <meta-data
79-->[:unityLibrary] AndroidManifest.xml:62:9-64:33
80            android:name="unity.splash-mode"
80-->[:unityLibrary] AndroidManifest.xml:63:13-45
81            android:value="0" />
81-->[:unityLibrary] AndroidManifest.xml:64:13-30
82        <meta-data
82-->[:unityLibrary] AndroidManifest.xml:65:9-67:36
83            android:name="unity.splash-enable"
83-->[:unityLibrary] AndroidManifest.xml:66:13-47
84            android:value="True" />
84-->[:unityLibrary] AndroidManifest.xml:67:13-33
85        <meta-data
85-->[:unityLibrary] AndroidManifest.xml:68:9-70:36
86            android:name="unity.launch-fullscreen"
86-->[:unityLibrary] AndroidManifest.xml:69:13-51
87            android:value="True" />
87-->[:unityLibrary] AndroidManifest.xml:70:13-33
88        <meta-data
88-->[:unityLibrary] AndroidManifest.xml:71:9-73:37
89            android:name="unity.allow-resizable-window"
89-->[:unityLibrary] AndroidManifest.xml:72:13-56
90            android:value="False" />
90-->[:unityLibrary] AndroidManifest.xml:73:13-34
91        <meta-data
91-->[:unityLibrary] AndroidManifest.xml:74:9-76:50
92            android:name="notch.config"
92-->[:unityLibrary] AndroidManifest.xml:75:13-40
93            android:value="portrait|landscape" />
93-->[:unityLibrary] AndroidManifest.xml:76:13-47
94        <meta-data
94-->[:unityLibrary] AndroidManifest.xml:77:9-79:36
95            android:name="unity.auto-report-fully-drawn"
95-->[:unityLibrary] AndroidManifest.xml:78:13-57
96            android:value="true" />
96-->[:unityLibrary] AndroidManifest.xml:79:13-33
97        <meta-data
97-->[:unityLibrary] AndroidManifest.xml:80:9-82:40
98            android:name="com.google.ar.core"
98-->[:unityLibrary] AndroidManifest.xml:81:13-46
99            android:value="optional" />
99-->[:unityLibrary] AndroidManifest.xml:82:13-37
100
101        <provider
101-->[:VuforiaEngine:] AndroidManifest.xml:25:9-33:20
102            android:name="com.vuforia.engine.app.VuforiaContentProvider"
102-->[:VuforiaEngine:] AndroidManifest.xml:26:13-73
103            android:authorities="com.DefaultCompany.AngryBirdsAR.vuforia.share"
103-->[:VuforiaEngine:] AndroidManifest.xml:27:13-65
104            android:exported="false"
104-->[:VuforiaEngine:] AndroidManifest.xml:28:13-37
105            android:grantUriPermissions="true" >
105-->[:VuforiaEngine:] AndroidManifest.xml:29:13-47
106            <meta-data
106-->[:VuforiaEngine:] AndroidManifest.xml:30:13-32:53
107                android:name="android.support.FILE_PROVIDER_PATHS"
107-->[:VuforiaEngine:] AndroidManifest.xml:31:17-67
108                android:resource="@xml/filepaths" />
108-->[:VuforiaEngine:] AndroidManifest.xml:32:17-50
109        </provider>
110    </application>
111
112</manifest>